2021-07-23 14:33:07,229 [Worker-6: Loading available Gradle versions] INFO  o.e.b.c.i.u.g.PublishedGradleVersions - Gradle version information cache is out-of-date. Trying to update.
2021-07-23 14:34:31,708 [Worker-4: Loading available Gradle versions] INFO  o.e.b.c.i.u.g.PublishedGradleVersions - Gradle version information cache is up-to-date. Trying to read.
2021-07-23 14:37:54,868 [Worker-0: Creating project "flight-api"] INFO  o.e.m.c.i.l.LifecycleMappingFactory - Using org.eclipse.m2e.jdt.JarLifecycleMapping lifecycle mapping for MavenProject: com.skillstorm:flight-api:0.0.1-SNAPSHOT @ C:\Users\kenne\Documents\Skillstorm\Project 1\flight-api\pom.xml.
2021-07-23 14:37:56,060 [Worker-0: Creating project "flight-api"] INFO  o.e.m.j.i.AbstractJavaProjectConfigurator - Adding source folder /flight-api/src/main/java
2021-07-23 14:37:56,063 [Worker-0: Creating project "flight-api"] INFO  o.e.m.j.i.AbstractJavaProjectConfigurator - Adding resource folder /flight-api/src/main/resources
2021-07-23 14:37:56,063 [Worker-0: Creating project "flight-api"] INFO  o.e.m.j.i.AbstractJavaProjectConfigurator - Adding source folder /flight-api/src/test/java
2021-07-23 14:37:56,063 [Worker-0: Creating project "flight-api"] INFO  o.e.m.j.i.AbstractJavaProjectConfigurator - Adding resource folder /flight-api/src/test/resources
2021-07-23 14:37:58,642 [Worker-11: Discover lifecycle mappings] INFO  o.e.m.i.discovery.MavenDiscovery - No lifecyle mapping found at jar:file:/C:/Users/kenne/AppData/Local/Temp/RemoteBundleDiscoveryStrategy4163971438265117297.tmp/org.eclipse.m2e.discovery.oss_catalog_1.14.jar_16685534231952325070.jar!/lifecycle%2Forg.eclipse.m2e.discovery.lifecyclemapping.m2e-wtp.xml
2021-07-23 14:37:58,643 [Worker-11: Discover lifecycle mappings] WARN  o.e.m.i.discovery.MavenDiscovery - CatalogItem org.eclipse.m2e.discovery.lifecyclemapping.m2e-wtp does not contain lifecycle mapping metadata
2021-07-23 14:37:58,654 [Worker-11: Discover lifecycle mappings] INFO  o.e.m.i.discovery.MavenDiscovery - No lifecyle mapping found at jar:file:/C:/Users/kenne/AppData/Local/Temp/RemoteBundleDiscoveryStrategy4163971438265117297.tmp/org.eclipse.m2e.discovery.oss_catalog_1.14.jar_16685534231952325070.jar!/lifecycle%2Forg.eclipse.m2e.discovery.lifecyclemapping.m2e-egit.xml
2021-07-23 14:37:58,654 [Worker-11: Discover lifecycle mappings] WARN  o.e.m.i.discovery.MavenDiscovery - CatalogItem org.eclipse.m2e.discovery.lifecyclemapping.m2e-egit does not contain lifecycle mapping metadata
2021-07-23 14:37:58,656 [Worker-11: Discover lifecycle mappings] INFO  o.e.m.i.discovery.MavenDiscovery - No lifecyle mapping found at jar:file:/C:/Users/kenne/AppData/Local/Temp/RemoteBundleDiscoveryStrategy4163971438265117297.tmp/org.eclipse.m2e.discovery.oss_catalog_1.14.jar_16685534231952325070.jar!/lifecycle%2Forg.eclipse.m2e.discovery.lifecyclemapping.m2e-subversive.xml
2021-07-23 14:37:58,657 [Worker-11: Discover lifecycle mappings] WARN  o.e.m.i.discovery.MavenDiscovery - CatalogItem org.eclipse.m2e.discovery.lifecyclemapping.m2e-subversive does not contain lifecycle mapping metadata
2021-07-23 14:37:58,689 [Worker-11: Discover lifecycle mappings] INFO  o.e.m.i.discovery.MavenDiscovery - No lifecyle mapping found at jar:file:/C:/Users/kenne/AppData/Local/Temp/RemoteBundleDiscoveryStrategy4163971438265117297.tmp/org.eclipse.m2e.discovery.oss_catalog_1.14.jar_16685534231952325070.jar!/lifecycle%2Forg.eclipse.m2e.discovery.extras.m2e-chromatic.xml
2021-07-23 14:37:58,689 [Worker-11: Discover lifecycle mappings] WARN  o.e.m.i.discovery.MavenDiscovery - CatalogItem org.eclipse.m2e.discovery.extras.m2e-chromatic does not contain lifecycle mapping metadata
2021-07-23 14:38:49,012 [Worker-10: Creating project "flight-api"] INFO  o.e.m.c.i.e.AbstractTransferListenerAdapter - Downloading https://repo.maven.apache.org/maven2/org/apache/maven/plugins/maven-war-plugin/2.2/maven-war-plugin-2.2.jar
2021-07-23 14:38:49,082 [Worker-10: Creating project "flight-api"] INFO  o.e.m.c.i.e.AbstractTransferListenerAdapter - Downloaded https://repo.maven.apache.org/maven2/org/apache/maven/plugins/maven-war-plugin/2.2/maven-war-plugin-2.2.jar
2021-07-23 14:38:49,393 [Worker-10: Creating project "flight-api"] INFO  o.e.m.c.i.l.LifecycleMappingFactory - Using org.maven.ide.eclipse.wtp.WarLifecycleMapping lifecycle mapping for MavenProject: com.skillstorm:flight-api:0.0.1-SNAPSHOT @ C:\Users\kenne\Documents\Skillstorm\Project 1\flight-api\pom.xml.
2021-07-23 14:38:49,520 [Worker-10: Creating project "flight-api"] INFO  o.e.m.c.i.e.AbstractTransferListenerAdapter - Downloading https://repo.maven.apache.org/maven2/org/apache/maven/plugins/maven-war-plugin/2.2/maven-war-plugin-2.2.pom
2021-07-23 14:38:49,571 [Worker-10: Creating project "flight-api"] INFO  o.e.m.c.i.e.AbstractTransferListenerAdapter - Downloaded https://repo.maven.apache.org/maven2/org/apache/maven/plugins/maven-war-plugin/2.2/maven-war-plugin-2.2.pom
2021-07-23 14:38:49,679 [Worker-10: Creating project "flight-api"] INFO  o.e.m.c.i.e.AbstractTransferListenerAdapter - Downloading https://repo.maven.apache.org/maven2/com/thoughtworks/xstream/xstream/1.3.1/xstream-1.3.1.pom
2021-07-23 14:38:49,724 [Worker-10: Creating project "flight-api"] INFO  o.e.m.c.i.e.AbstractTransferListenerAdapter - Downloaded https://repo.maven.apache.org/maven2/com/thoughtworks/xstream/xstream/1.3.1/xstream-1.3.1.pom
2021-07-23 14:38:49,749 [Worker-10: Creating project "flight-api"] INFO  o.e.m.c.i.e.AbstractTransferListenerAdapter - Downloading https://repo.maven.apache.org/maven2/com/thoughtworks/xstream/xstream-parent/1.3.1/xstream-parent-1.3.1.pom
2021-07-23 14:38:49,828 [Worker-10: Creating project "flight-api"] INFO  o.e.m.c.i.e.AbstractTransferListenerAdapter - Downloaded https://repo.maven.apache.org/maven2/com/thoughtworks/xstream/xstream-parent/1.3.1/xstream-parent-1.3.1.pom
2021-07-23 14:38:49,854 [Worker-10: Creating project "flight-api"] INFO  o.e.m.c.i.e.AbstractTransferListenerAdapter - Downloading https://repo.maven.apache.org/maven2/xpp3/xpp3_min/1.1.4c/xpp3_min-1.1.4c.pom
2021-07-23 14:38:49,895 [Worker-10: Creating project "flight-api"] INFO  o.e.m.c.i.e.AbstractTransferListenerAdapter - Downloaded https://repo.maven.apache.org/maven2/xpp3/xpp3_min/1.1.4c/xpp3_min-1.1.4c.pom
2021-07-23 14:38:49,917 [Worker-10: Creating project "flight-api"] INFO  o.e.m.c.i.e.AbstractTransferListenerAdapter - Downloading https://repo.maven.apache.org/maven2/org/apache/maven/shared/maven-filtering/1.0-beta-2/maven-filtering-1.0-beta-2.pom
2021-07-23 14:38:49,954 [Worker-10: Creating project "flight-api"] INFO  o.e.m.c.i.e.AbstractTransferListenerAdapter - Downloaded https://repo.maven.apache.org/maven2/org/apache/maven/shared/maven-filtering/1.0-beta-2/maven-filtering-1.0-beta-2.pom
2021-07-23 14:38:49,976 [Worker-10: Creating project "flight-api"] INFO  o.e.m.c.i.e.AbstractTransferListenerAdapter - Downloading https://repo.maven.apache.org/maven2/org/apache/maven/shared/maven-shared-components/10/maven-shared-components-10.pom
2021-07-23 14:38:50,013 [Worker-10: Creating project "flight-api"] INFO  o.e.m.c.i.e.AbstractTransferListenerAdapter - Downloaded https://repo.maven.apache.org/maven2/org/apache/maven/shared/maven-shared-components/10/maven-shared-components-10.pom
2021-07-23 14:38:50,039 [Worker-10: Creating project "flight-api"] INFO  o.e.m.c.i.e.AbstractTransferListenerAdapter - Downloading https://repo.maven.apache.org/maven2/org/apache/maven/maven-parent/9/maven-parent-9.pom
2021-07-23 14:38:50,084 [Worker-10: Creating project "flight-api"] INFO  o.e.m.c.i.e.AbstractTransferListenerAdapter - Downloaded https://repo.maven.apache.org/maven2/org/apache/maven/maven-parent/9/maven-parent-9.pom
2021-07-23 14:38:50,116 [Worker-10: Creating project "flight-api"] INFO  o.e.m.c.i.e.AbstractTransferListenerAdapter - Downloading https://repo.maven.apache.org/maven2/org/codehaus/plexus/plexus-utils/1.5.6/plexus-utils-1.5.6.pom
2021-07-23 14:38:50,158 [Worker-10: Creating project "flight-api"] INFO  o.e.m.c.i.e.AbstractTransferListenerAdapter - Downloaded https://repo.maven.apache.org/maven2/org/codehaus/plexus/plexus-utils/1.5.6/plexus-utils-1.5.6.pom
2021-07-23 14:38:50,181 [Worker-10: Creating project "flight-api"] INFO  o.e.m.c.i.e.AbstractTransferListenerAdapter - Downloading https://repo.maven.apache.org/maven2/org/codehaus/plexus/plexus/1.0.12/plexus-1.0.12.pom
2021-07-23 14:38:50,219 [Worker-10: Creating project "flight-api"] INFO  o.e.m.c.i.e.AbstractTransferListenerAdapter - Downloaded https://repo.maven.apache.org/maven2/org/codehaus/plexus/plexus/1.0.12/plexus-1.0.12.pom
2021-07-23 14:38:50,243 [Worker-10: Creating project "flight-api"] INFO  o.e.m.c.i.e.AbstractTransferListenerAdapter - Downloading https://repo.maven.apache.org/maven2/org/codehaus/plexus/plexus-interpolation/1.6/plexus-interpolation-1.6.pom
2021-07-23 14:38:50,280 [Worker-10: Creating project "flight-api"] INFO  o.e.m.c.i.e.AbstractTransferListenerAdapter - Downloaded https://repo.maven.apache.org/maven2/org/codehaus/plexus/plexus-interpolation/1.6/plexus-interpolation-1.6.pom
2021-07-23 14:38:50,314 [AetherRepositoryConnector-repo.maven.apache.org-0-1] INFO  o.e.m.c.i.e.AbstractTransferListenerAdapter - Downloading https://repo.maven.apache.org/maven2/xpp3/xpp3_min/1.1.4c/xpp3_min-1.1.4c.jar
2021-07-23 14:38:50,330 [AetherRepositoryConnector-repo.maven.apache.org-0-2] INFO  o.e.m.c.i.e.AbstractTransferListenerAdapter - Downloading https://repo.maven.apache.org/maven2/org/apache/maven/shared/maven-filtering/1.0-beta-2/maven-filtering-1.0-beta-2.jar
2021-07-23 14:38:50,335 [AetherRepositoryConnector-repo.maven.apache.org-0-0] INFO  o.e.m.c.i.e.AbstractTransferListenerAdapter - Downloading https://repo.maven.apache.org/maven2/com/thoughtworks/xstream/xstream/1.3.1/xstream-1.3.1.jar
2021-07-23 14:38:50,388 [AetherRepositoryConnector-repo.maven.apache.org-0-1] INFO  o.e.m.c.i.e.AbstractTransferListenerAdapter - Downloaded https://repo.maven.apache.org/maven2/xpp3/xpp3_min/1.1.4c/xpp3_min-1.1.4c.jar
2021-07-23 14:38:50,444 [AetherRepositoryConnector-repo.maven.apache.org-0-0] INFO  o.e.m.c.i.e.AbstractTransferListenerAdapter - Downloaded https://repo.maven.apache.org/maven2/com/thoughtworks/xstream/xstream/1.3.1/xstream-1.3.1.jar
2021-07-23 14:38:50,489 [AetherRepositoryConnector-repo.maven.apache.org-0-2] INFO  o.e.m.c.i.e.AbstractTransferListenerAdapter - Downloaded https://repo.maven.apache.org/maven2/org/apache/maven/shared/maven-filtering/1.0-beta-2/maven-filtering-1.0-beta-2.jar
2021-07-23 14:38:50,865 [Worker-10: Creating project "flight-api"] INFO  o.e.m.j.i.AbstractJavaProjectConfigurator - Adding source folder /flight-api/src/main/java
2021-07-23 14:38:50,866 [Worker-10: Creating project "flight-api"] INFO  o.e.m.j.i.AbstractJavaProjectConfigurator - Adding resource folder /flight-api/src/main/resources
2021-07-23 14:38:50,866 [Worker-10: Creating project "flight-api"] INFO  o.e.m.j.i.AbstractJavaProjectConfigurator - Adding source folder /flight-api/src/test/java
2021-07-23 14:38:50,866 [Worker-10: Creating project "flight-api"] INFO  o.e.m.j.i.AbstractJavaProjectConfigurator - Adding resource folder /flight-api/src/test/resources
2021-07-23 14:38:51,743 [Worker-10: Creating project "flight-api"] INFO  o.e.m.c.i.e.AbstractTransferListenerAdapter - Downloading https://repo.maven.apache.org/maven2/org/apache/maven/plugins/maven-clean-plugin/2.5/maven-clean-plugin-2.5.pom
2021-07-23 14:38:51,786 [Worker-10: Creating project "flight-api"] INFO  o.e.m.c.i.e.AbstractTransferListenerAdapter - Downloaded https://repo.maven.apache.org/maven2/org/apache/maven/plugins/maven-clean-plugin/2.5/maven-clean-plugin-2.5.pom
2021-07-23 14:49:25,983 [main] INFO  o.e.m2e.actions.ExecutePomAction - Creating new launch configuration
2021-07-23 14:49:28,439 [Worker-15: Launching flight-api] INFO  o.e.m.i.launch.MavenLaunchDelegate - C:\Users\kenne\Documents\Skillstorm\Project 1\flight-api
2021-07-23 14:49:28,453 [Worker-15: Launching flight-api] INFO  o.e.m.i.launch.MavenLaunchDelegate -  mvn -B  -Dstyle.color=always
2021-07-23 14:50:59,463 [Worker-18: Creating project "flight-api"] INFO  o.e.m.c.i.l.LifecycleMappingFactory - Using org.maven.ide.eclipse.wtp.WarLifecycleMapping lifecycle mapping for MavenProject: com.skillstorm:flight-api:0.0.1-SNAPSHOT @ C:\Users\kenne\Documents\Skillstorm\Project 1\flight-api\pom.xml.
2021-07-23 14:50:59,783 [Worker-18: Creating project "flight-api"] INFO  o.e.m.j.i.AbstractJavaProjectConfigurator - Adding source folder /flight-api/src/main/java
2021-07-23 14:50:59,783 [Worker-18: Creating project "flight-api"] INFO  o.e.m.j.i.AbstractJavaProjectConfigurator - Adding resource folder /flight-api/src/main/resources
2021-07-23 14:50:59,784 [Worker-18: Creating project "flight-api"] INFO  o.e.m.j.i.AbstractJavaProjectConfigurator - Adding source folder /flight-api/src/test/java
2021-07-23 14:50:59,784 [Worker-18: Creating project "flight-api"] INFO  o.e.m.j.i.AbstractJavaProjectConfigurator - Adding resource folder /flight-api/src/test/resources
2021-07-23 15:08:59,616 [Worker-22: Launching Executing test in C__Users_kenne_Documents_Skillstorm_Project 1_flight-api] INFO  o.e.m.i.launch.MavenLaunchDelegate - C:\Users\kenne\Documents\Skillstorm\Project 1\flight-api
2021-07-23 15:08:59,616 [Worker-22: Launching Executing test in C__Users_kenne_Documents_Skillstorm_Project 1_flight-api] INFO  o.e.m.i.launch.MavenLaunchDelegate -  mvn -B test -Dstyle.color=always
2021-07-23 15:09:58,376 [main] INFO  o.e.m2e.actions.ExecutePomAction - Using existing launch configuration
2021-07-23 15:10:01,653 [Worker-25: Launching flight-api] INFO  o.e.m.i.launch.MavenLaunchDelegate - C:\Users\kenne\Documents\Skillstorm\Project 1\flight-api
2021-07-23 15:10:01,654 [Worker-25: Launching flight-api] INFO  o.e.m.i.launch.MavenLaunchDelegate -  mvn -B  -Dstyle.color=always
2021-07-23 15:12:54,397 [Worker-26: Launching Executing install in C__Users_kenne_Documents_Skillstorm_Project 1_flight-api] INFO  o.e.m.i.launch.MavenLaunchDelegate - C:\Users\kenne\Documents\Skillstorm\Project 1\flight-api
2021-07-23 15:12:54,397 [Worker-26: Launching Executing install in C__Users_kenne_Documents_Skillstorm_Project 1_flight-api] INFO  o.e.m.i.launch.MavenLaunchDelegate -  mvn -B install -Dstyle.color=always
2021-07-23 15:53:04,281 [Worker-4: Loading available Gradle versions] INFO  o.e.b.c.i.u.g.PublishedGradleVersions - Gradle version information cache is up-to-date. Trying to read.
2021-07-23 15:53:24,451 [main] INFO  o.e.m2e.actions.ExecutePomAction - Using existing launch configuration
2021-07-23 15:53:27,239 [Worker-7: Launching flight-api] INFO  o.e.m.i.launch.MavenLaunchDelegate - C:\Users\kenne\Documents\Skillstorm\Project 1\flight-api
2021-07-23 15:53:27,243 [Worker-7: Launching flight-api] INFO  o.e.m.i.launch.MavenLaunchDelegate -  mvn -B  -Dstyle.color=always
2021-07-23 15:53:38,429 [Worker-8: Launching Executing test in C__Users_kenne_Documents_Skillstorm_Project 1_flight-api] INFO  o.e.m.i.launch.MavenLaunchDelegate - C:\Users\kenne\Documents\Skillstorm\Project 1\flight-api
2021-07-23 15:53:38,430 [Worker-8: Launching Executing test in C__Users_kenne_Documents_Skillstorm_Project 1_flight-api] INFO  o.e.m.i.launch.MavenLaunchDelegate -  mvn -B test -Dstyle.color=always
2021-07-23 15:55:57,956 [main] INFO  o.e.m2e.actions.ExecutePomAction - Using existing launch configuration
2021-07-23 15:56:06,604 [Worker-7: Launching Executing install in C__Users_kenne_Documents_Skillstorm_Project 1_flight-api] INFO  o.e.m.i.launch.MavenLaunchDelegate - C:\Users\kenne\Documents\Skillstorm\Project 1\flight-api
2021-07-23 15:56:06,604 [Worker-7: Launching Executing install in C__Users_kenne_Documents_Skillstorm_Project 1_flight-api] INFO  o.e.m.i.launch.MavenLaunchDelegate -  mvn -B install -Dstyle.color=always
2021-07-23 16:01:34,356 [Worker-11: Launching Executing install in C__Users_kenne_Documents_Skillstorm_Project 1_flight-api] INFO  o.e.m.i.launch.MavenLaunchDelegate - C:\Users\kenne\Documents\Skillstorm\Project 1\flight-api
2021-07-23 16:01:34,356 [Worker-11: Launching Executing install in C__Users_kenne_Documents_Skillstorm_Project 1_flight-api] INFO  o.e.m.i.launch.MavenLaunchDelegate -  mvn -B install -Dstyle.color=always
2021-07-23 16:03:04,721 [Worker-7: Updating Maven Project] INFO  o.e.m.c.i.p.ProjectConfigurationManager - Update started
2021-07-23 16:03:05,252 [Worker-7: Updating Maven Project] INFO  o.e.m.c.i.l.LifecycleMappingFactory - Using org.maven.ide.eclipse.wtp.WarLifecycleMapping lifecycle mapping for MavenProject: com.skillstorm:flight-api:0.0.1-SNAPSHOT @ C:\Users\kenne\Documents\Skillstorm\Project 1\flight-api\pom.xml.
2021-07-23 16:03:06,040 [Worker-7: Updating Maven Project] INFO  o.e.m.j.i.AbstractJavaProjectConfigurator - Adding source folder /flight-api/src/main/java
2021-07-23 16:03:06,041 [Worker-7: Updating Maven Project] INFO  o.e.m.j.i.AbstractJavaProjectConfigurator - Adding resource folder /flight-api/src/main/resources
2021-07-23 16:03:06,041 [Worker-7: Updating Maven Project] INFO  o.e.m.j.i.AbstractJavaProjectConfigurator - Adding source folder /flight-api/src/test/java
2021-07-23 16:03:06,042 [Worker-7: Updating Maven Project] INFO  o.e.m.j.i.AbstractJavaProjectConfigurator - Adding resource folder /flight-api/src/test/resources
2021-07-23 16:03:06,195 [Worker-7: Updating Maven Project] ERROR o.e.m2e.wtp.WTPProjectConfigurator - Unable to configure flight-api
org.eclipse.m2e.wtp.MarkedException: Unable to configure flight-api
	at org.eclipse.m2e.wtp.AbstractProjectConfiguratorDelegate.configureProject(AbstractProjectConfiguratorDelegate.java:101)
	at org.eclipse.m2e.wtp.WTPProjectConfigurator.configure(WTPProjectConfigurator.java:70)
	at org.eclipse.m2e.core.project.configurator.AbstractLifecycleMapping.configure(AbstractLifecycleMapping.java:122)
	at org.eclipse.m2e.core.internal.project.ProjectConfigurationManager.lambda$2(ProjectConfigurationManager.java:511)
	at org.eclipse.m2e.core.internal.embedder.MavenExecutionContext.executeBare(MavenExecutionContext.java:179)
	at org.eclipse.m2e.core.internal.embedder.MavenExecutionContext.execute(MavenExecutionContext.java:153)
	at org.eclipse.m2e.core.internal.project.ProjectConfigurationManager.updateProjectConfiguration(ProjectConfigurationManager.java:505)
	at org.eclipse.m2e.core.internal.project.ProjectConfigurationManager.updateProjectConfiguration0(ProjectConfigurationManager.java:443)
	at org.eclipse.m2e.core.internal.project.ProjectConfigurationManager.lambda$1(ProjectConfigurationManager.java:358)
	at org.eclipse.m2e.core.internal.embedder.MavenExecutionContext.executeBare(MavenExecutionContext.java:179)
	at org.eclipse.m2e.core.internal.embedder.MavenExecutionContext.execute(MavenExecutionContext.java:153)
	at org.eclipse.m2e.core.internal.embedder.MavenExecutionContext.execute(MavenExecutionContext.java:101)
	at org.eclipse.m2e.core.internal.embedder.MavenImpl.execute(MavenImpl.java:1370)
	at org.eclipse.m2e.core.internal.project.ProjectConfigurationManager.updateProjectConfiguration(ProjectConfigurationManager.java:357)
	at org.eclipse.m2e.core.ui.internal.UpdateMavenProjectJob.runInWorkspace(UpdateMavenProjectJob.java:79)
	at org.eclipse.core.internal.resources.InternalWorkspaceJob.run(InternalWorkspaceJob.java:42)
	at org.eclipse.core.internal.jobs.Worker.run(Worker.java:63)
Caused by: org.eclipse.core.runtime.CoreException: One or more constraints have not been satisfied.
	at org.eclipse.wst.common.project.facet.core.internal.FacetedProject.modifyInternal(FacetedProject.java:363)
	at org.eclipse.wst.common.project.facet.core.internal.FacetedProject.mergeChangesInternal(FacetedProject.java:1181)
	at org.eclipse.wst.common.project.facet.core.internal.FacetedProject.access$2(FacetedProject.java:1117)
	at org.eclipse.wst.common.project.facet.core.internal.FacetedProject$1.run(FacetedProject.java:324)
	at org.eclipse.core.internal.resources.Workspace.run(Workspace.java:2313)
	at org.eclipse.core.internal.resources.Workspace.run(Workspace.java:2338)
	at org.eclipse.wst.common.project.facet.core.internal.FacetedProject.modify(FacetedProject.java:339)
	at org.eclipse.m2e.wtp.WebProjectConfiguratorDelegate.configure(WebProjectConfiguratorDelegate.java:138)
	at org.eclipse.m2e.wtp.AbstractProjectConfiguratorDelegate.configureProject(AbstractProjectConfiguratorDelegate.java:97)
	... 16 common frames omitted
2021-07-23 16:03:06,455 [Worker-7: Updating Maven Project] INFO  o.e.m.w.i.f.ResourceFilteringBuildParticipant - Cleaning filtered folder for flight-api
2021-07-23 16:03:06,463 [Worker-7: Updating Maven Project] INFO  o.e.m.c.i.p.ProjectConfigurationManager - Update completed: 1 sec
2021-07-23 16:03:06,646 [Worker-19: Building] INFO  o.e.m.w.i.f.ResourceFilteringBuildParticipant - Changed resources require a complete clean of filtered resources of flight-api
2021-07-23 16:03:06,647 [Worker-19: Building] INFO  o.e.m.w.i.f.ResourceFilteringBuildParticipant - Executing resource filtering for flight-api
2021-07-23 16:03:06,679 [Worker-19: Building] WARN  o.e.m.c.i.embedder.EclipseLogger - Using platform encoding (Cp1252 actually) to copy filtered resources, i.e. build is platform dependent!
2021-07-23 16:05:54,800 [Worker-25: Building] INFO  o.e.m.c.i.l.LifecycleMappingFactory - Using org.maven.ide.eclipse.wtp.WarLifecycleMapping lifecycle mapping for MavenProject: com.skillstorm:flight-api:0.0.1-SNAPSHOT @ C:\Users\kenne\Documents\Skillstorm\Project 1\flight-api\pom.xml.
2021-07-23 16:05:55,254 [Worker-25: Building] INFO  o.e.m.w.i.f.ResourceFilteringBuildParticipant - Changed resources require a complete clean of filtered resources of flight-api
2021-07-23 16:05:55,254 [Worker-25: Building] INFO  o.e.m.w.i.f.ResourceFilteringBuildParticipant - Executing resource filtering for flight-api
2021-07-23 16:05:55,401 [Worker-25: Building] WARN  o.e.m.c.i.embedder.EclipseLogger - Using platform encoding (Cp1252 actually) to copy filtered resources, i.e. build is platform dependent!
2021-07-23 16:06:05,674 [Worker-26: Updating Maven Project] INFO  o.e.m.c.i.p.ProjectConfigurationManager - Update started
2021-07-23 16:06:06,001 [Worker-26: Updating Maven Project] INFO  o.e.m.c.i.l.LifecycleMappingFactory - Using org.maven.ide.eclipse.wtp.WarLifecycleMapping lifecycle mapping for MavenProject: com.skillstorm:flight-api:0.0.1-SNAPSHOT @ C:\Users\kenne\Documents\Skillstorm\Project 1\flight-api\pom.xml.
2021-07-23 16:06:06,542 [Worker-26: Updating Maven Project] INFO  o.e.m.j.i.AbstractJavaProjectConfigurator - Adding source folder /flight-api/src/main/java
2021-07-23 16:06:06,542 [Worker-26: Updating Maven Project] INFO  o.e.m.j.i.AbstractJavaProjectConfigurator - Adding resource folder /flight-api/src/main/resources
2021-07-23 16:06:06,543 [Worker-26: Updating Maven Project] INFO  o.e.m.j.i.AbstractJavaProjectConfigurator - Adding source folder /flight-api/src/test/java
2021-07-23 16:06:06,544 [Worker-26: Updating Maven Project] INFO  o.e.m.j.i.AbstractJavaProjectConfigurator - Adding resource folder /flight-api/src/test/resources
2021-07-23 16:06:06,957 [Worker-26: Updating Maven Project] INFO  o.e.m.w.i.f.ResourceFilteringBuildParticipant - Cleaning filtered folder for flight-api
2021-07-23 16:06:06,969 [Worker-26: Updating Maven Project] INFO  o.e.m.c.i.p.ProjectConfigurationManager - Update completed: 1 sec
2021-07-23 16:06:07,500 [Worker-26: Building Project flight-api] INFO  o.e.m.w.i.f.ResourceFilteringBuildParticipant - Changed resources require a complete clean of filtered resources of flight-api
2021-07-23 16:06:07,501 [Worker-26: Building Project flight-api] INFO  o.e.m.w.i.f.ResourceFilteringBuildParticipant - Executing resource filtering for flight-api
2021-07-23 16:06:07,522 [Worker-26: Building Project flight-api] WARN  o.e.m.c.i.embedder.EclipseLogger - Using platform encoding (Cp1252 actually) to copy filtered resources, i.e. build is platform dependent!
2021-07-23 16:06:26,660 [Worker-30: Launching Executing install in C__Users_kenne_Documents_Skillstorm_Project 1_flight-api] INFO  o.e.m.i.launch.MavenLaunchDelegate - C:\Users\kenne\Documents\Skillstorm\Project 1\flight-api
2021-07-23 16:06:26,661 [Worker-30: Launching Executing install in C__Users_kenne_Documents_Skillstorm_Project 1_flight-api] INFO  o.e.m.i.launch.MavenLaunchDelegate -  mvn -B install -Dstyle.color=always
2021-07-23 16:06:42,167 [Worker-29: Updating Maven Project] INFO  o.e.m.c.i.p.ProjectConfigurationManager - Update started
2021-07-23 16:06:42,398 [Worker-29: Updating Maven Project] INFO  o.e.m.c.i.l.LifecycleMappingFactory - Using org.maven.ide.eclipse.wtp.WarLifecycleMapping lifecycle mapping for MavenProject: com.skillstorm:flight-api:0.0.1-SNAPSHOT @ C:\Users\kenne\Documents\Skillstorm\Project 1\flight-api\pom.xml.
2021-07-23 16:06:42,886 [Worker-29: Updating Maven Project] INFO  o.e.m.j.i.AbstractJavaProjectConfigurator - Adding source folder /flight-api/src/main/java
2021-07-23 16:06:42,887 [Worker-29: Updating Maven Project] INFO  o.e.m.j.i.AbstractJavaProjectConfigurator - Adding resource folder /flight-api/src/main/resources
2021-07-23 16:06:42,888 [Worker-29: Updating Maven Project] INFO  o.e.m.j.i.AbstractJavaProjectConfigurator - Adding source folder /flight-api/src/test/java
2021-07-23 16:06:42,888 [Worker-29: Updating Maven Project] INFO  o.e.m.j.i.AbstractJavaProjectConfigurator - Adding resource folder /flight-api/src/test/resources
2021-07-23 16:06:43,202 [Worker-29: Updating Maven Project] INFO  o.e.m.w.i.f.ResourceFilteringBuildParticipant - Cleaning filtered folder for flight-api
2021-07-23 16:06:43,209 [Worker-29: Updating Maven Project] INFO  o.e.m.c.i.p.ProjectConfigurationManager - Update completed: 1 sec
2021-07-23 16:06:43,336 [Worker-31: Building] INFO  o.e.m.w.i.f.ResourceFilteringBuildParticipant - Changed resources require a complete clean of filtered resources of flight-api
2021-07-23 16:06:43,336 [Worker-31: Building] INFO  o.e.m.w.i.f.ResourceFilteringBuildParticipant - Executing resource filtering for flight-api
2021-07-23 16:06:43,355 [Worker-31: Building] WARN  o.e.m.c.i.embedder.EclipseLogger - Using platform encoding (Cp1252 actually) to copy filtered resources, i.e. build is platform dependent!
2021-07-23 16:06:50,165 [Worker-29: Updating Maven Project] INFO  o.e.m.c.i.p.ProjectConfigurationManager - Update started
2021-07-23 16:06:50,394 [Worker-29: Updating Maven Project] INFO  o.e.m.c.i.l.LifecycleMappingFactory - Using org.maven.ide.eclipse.wtp.WarLifecycleMapping lifecycle mapping for MavenProject: com.skillstorm:flight-api:0.0.1-SNAPSHOT @ C:\Users\kenne\Documents\Skillstorm\Project 1\flight-api\pom.xml.
2021-07-23 16:06:50,856 [Worker-29: Updating Maven Project] INFO  o.e.m.j.i.AbstractJavaProjectConfigurator - Adding source folder /flight-api/src/main/java
2021-07-23 16:06:50,857 [Worker-29: Updating Maven Project] INFO  o.e.m.j.i.AbstractJavaProjectConfigurator - Adding resource folder /flight-api/src/main/resources
2021-07-23 16:06:50,858 [Worker-29: Updating Maven Project] INFO  o.e.m.j.i.AbstractJavaProjectConfigurator - Adding source folder /flight-api/src/test/java
2021-07-23 16:06:50,859 [Worker-29: Updating Maven Project] INFO  o.e.m.j.i.AbstractJavaProjectConfigurator - Adding resource folder /flight-api/src/test/resources
2021-07-23 16:06:51,097 [Worker-29: Updating Maven Project] INFO  o.e.m.w.i.f.ResourceFilteringBuildParticipant - Cleaning filtered folder for flight-api
2021-07-23 16:06:51,103 [Worker-29: Updating Maven Project] INFO  o.e.m.c.i.p.ProjectConfigurationManager - Update completed: 0 sec
2021-07-23 16:06:56,954 [Worker-20: Building] INFO  o.e.m.w.i.f.ResourceFilteringBuildParticipant - Changed resources require a complete clean of filtered resources of flight-api
2021-07-23 16:06:56,954 [Worker-20: Building] INFO  o.e.m.w.i.f.ResourceFilteringBuildParticipant - Executing resource filtering for flight-api
2021-07-23 16:06:57,053 [Worker-20: Building] WARN  o.e.m.c.i.embedder.EclipseLogger - Using platform encoding (Cp1252 actually) to copy filtered resources, i.e. build is platform dependent!
2021-07-26 09:42:46,993 [Worker-0: Loading available Gradle versions] INFO  o.e.b.c.i.u.g.PublishedGradleVersions - Gradle version information cache is out-of-date. Trying to update.
2021-07-26 13:32:27,775 [Worker-5: Loading available Gradle versions] INFO  o.e.b.c.i.u.g.PublishedGradleVersions - Gradle version information cache is up-to-date. Trying to read.
2021-07-27 08:29:25,725 [Worker-5: Loading available Gradle versions] INFO  o.e.b.c.i.u.g.PublishedGradleVersions - Gradle version information cache is up-to-date. Trying to read.
2021-07-27 09:32:42,327 [main] INFO  o.e.m2e.actions.ExecutePomAction - Using existing launch configuration
2021-07-27 09:32:49,544 [Worker-32: Launching flight-api] INFO  o.e.m.i.launch.MavenLaunchDelegate - C:\Users\kenne\Documents\Skillstorm\Project 1\flight-api
2021-07-27 09:32:49,550 [Worker-32: Launching flight-api] INFO  o.e.m.i.launch.MavenLaunchDelegate -  mvn -B  -Dstyle.color=always
2021-07-27 09:32:51,969 [Worker-32: Building] INFO  o.e.m.c.i.l.LifecycleMappingFactory - Using org.maven.ide.eclipse.wtp.WarLifecycleMapping lifecycle mapping for MavenProject: com.skillstorm:flight-api:0.0.1-SNAPSHOT @ C:\Users\kenne\Documents\Skillstorm\Project 1\flight-api\pom.xml.
2021-07-27 09:32:52,462 [Worker-32: Building] INFO  o.e.m.w.i.f.ResourceFilteringBuildParticipant - Changed resources require a complete clean of filtered resources of flight-api
2021-07-27 09:32:52,463 [Worker-32: Building] INFO  o.e.m.w.i.f.ResourceFilteringBuildParticipant - Executing resource filtering for flight-api
2021-07-27 09:32:52,793 [Worker-32: Building] WARN  o.e.m.c.i.embedder.EclipseLogger - Using platform encoding (Cp1252 actually) to copy filtered resources, i.e. build is platform dependent!
2021-07-27 09:34:54,292 [Worker-38: Launching Executing test in C__Users_kenne_Documents_Skillstorm_Project 1_flight-api] INFO  o.e.m.i.launch.MavenLaunchDelegate - C:\Users\kenne\Documents\Skillstorm\Project 1\flight-api
2021-07-27 09:34:54,292 [Worker-38: Launching Executing test in C__Users_kenne_Documents_Skillstorm_Project 1_flight-api] INFO  o.e.m.i.launch.MavenLaunchDelegate -  mvn -B test -Dstyle.color=always
2021-07-27 09:36:35,320 [main] INFO  o.e.m2e.actions.ExecutePomAction - Using existing launch configuration
2021-07-27 09:36:39,410 [Worker-40: Launching flight-api] INFO  o.e.m.i.launch.MavenLaunchDelegate - C:\Users\kenne\Documents\Skillstorm\Project 1\flight-api
2021-07-27 09:36:39,410 [Worker-40: Launching flight-api] INFO  o.e.m.i.launch.MavenLaunchDelegate -  mvn -B  -Dstyle.color=always
2021-07-27 09:36:39,730 [Worker-38: reload maven project] INFO  o.e.m.c.i.e.AbstractTransferListenerAdapter - Downloading https://repo.maven.apache.org/maven2/mysql/mysql-connector-java/8.0.25/mysql-connector-java-8.0.25.pom
2021-07-27 09:36:39,776 [Worker-38: reload maven project] INFO  o.e.m.c.i.e.AbstractTransferListenerAdapter - Downloaded https://repo.maven.apache.org/maven2/mysql/mysql-connector-java/8.0.25/mysql-connector-java-8.0.25.pom
2021-07-27 09:36:39,800 [Worker-38: reload maven project] INFO  o.e.m.c.i.e.AbstractTransferListenerAdapter - Downloading https://repo.maven.apache.org/maven2/com/google/protobuf/protobuf-java/3.11.4/protobuf-java-3.11.4.pom
2021-07-27 09:36:39,858 [Worker-31: Building] INFO  o.e.m.c.i.l.LifecycleMappingFactory - Using org.maven.ide.eclipse.wtp.WarLifecycleMapping lifecycle mapping for MavenProject: com.skillstorm:flight-api:0.0.1-SNAPSHOT @ C:\Users\kenne\Documents\Skillstorm\Project 1\flight-api\pom.xml.
2021-07-27 09:36:39,862 [Worker-38: reload maven project] INFO  o.e.m.c.i.e.AbstractTransferListenerAdapter - Downloaded https://repo.maven.apache.org/maven2/com/google/protobuf/protobuf-java/3.11.4/protobuf-java-3.11.4.pom
2021-07-27 09:36:39,881 [Worker-38: reload maven project] INFO  o.e.m.c.i.e.AbstractTransferListenerAdapter - Downloading https://repo.maven.apache.org/maven2/com/google/protobuf/protobuf-parent/3.11.4/protobuf-parent-3.11.4.pom
2021-07-27 09:36:39,957 [Worker-38: reload maven project] INFO  o.e.m.c.i.e.AbstractTransferListenerAdapter - Downloaded https://repo.maven.apache.org/maven2/com/google/protobuf/protobuf-parent/3.11.4/protobuf-parent-3.11.4.pom
2021-07-27 09:36:39,979 [Worker-31: Building] INFO  o.e.m.c.i.e.AbstractTransferListenerAdapter - Downloading https://repo.maven.apache.org/maven2/com/google/protobuf/protobuf-parent/3.11.4/protobuf-parent-3.11.4.pom
2021-07-27 09:36:39,979 [Worker-38: reload maven project] INFO  o.e.m.c.i.e.AbstractTransferListenerAdapter - Downloading https://repo.maven.apache.org/maven2/com/google/protobuf/protobuf-bom/3.11.4/protobuf-bom-3.11.4.pom
2021-07-27 09:36:40,008 [Worker-31: Building] INFO  o.e.m.c.i.e.AbstractTransferListenerAdapter - Downloaded https://repo.maven.apache.org/maven2/com/google/protobuf/protobuf-parent/3.11.4/protobuf-parent-3.11.4.pom
2021-07-27 09:36:40,021 [Worker-38: reload maven project] INFO  o.e.m.c.i.e.AbstractTransferListenerAdapter - Downloaded https://repo.maven.apache.org/maven2/com/google/protobuf/protobuf-bom/3.11.4/protobuf-bom-3.11.4.pom
2021-07-27 09:36:40,031 [Worker-31: Building] INFO  o.e.m.c.i.e.AbstractTransferListenerAdapter - Downloading https://repo.maven.apache.org/maven2/com/google/protobuf/protobuf-bom/3.11.4/protobuf-bom-3.11.4.pom
2021-07-27 09:36:40,058 [Worker-31: Building] INFO  o.e.m.c.i.e.AbstractTransferListenerAdapter - Downloaded https://repo.maven.apache.org/maven2/com/google/protobuf/protobuf-bom/3.11.4/protobuf-bom-3.11.4.pom
2021-07-27 09:36:40,064 [AetherRepositoryConnector-repo.maven.apache.org-0-0] INFO  o.e.m.c.i.e.AbstractTransferListenerAdapter - Downloading https://repo.maven.apache.org/maven2/mysql/mysql-connector-java/8.0.25/mysql-connector-java-8.0.25.jar
2021-07-27 09:36:40,109 [AetherRepositoryConnector-repo.maven.apache.org-1-1] INFO  o.e.m.c.i.e.AbstractTransferListenerAdapter - Downloading https://repo.maven.apache.org/maven2/com/google/protobuf/protobuf-java/3.11.4/protobuf-java-3.11.4.jar
2021-07-27 09:36:40,167 [AetherRepositoryConnector-repo.maven.apache.org-0-1] INFO  o.e.m.c.i.e.AbstractTransferListenerAdapter - Downloading https://repo.maven.apache.org/maven2/com/google/protobuf/protobuf-java/3.11.4/protobuf-java-3.11.4.jar
2021-07-27 09:36:40,170 [AetherRepositoryConnector-repo.maven.apache.org-1-0] INFO  o.e.m.c.i.e.AbstractTransferListenerAdapter - Downloading https://repo.maven.apache.org/maven2/mysql/mysql-connector-java/8.0.25/mysql-connector-java-8.0.25.jar
2021-07-27 09:36:40,404 [AetherRepositoryConnector-repo.maven.apache.org-1-1] INFO  o.e.m.c.i.e.AbstractTransferListenerAdapter - Downloaded https://repo.maven.apache.org/maven2/com/google/protobuf/protobuf-java/3.11.4/protobuf-java-3.11.4.jar
2021-07-27 09:36:40,455 [AetherRepositoryConnector-repo.maven.apache.org-1-0] INFO  o.e.m.c.i.e.AbstractTransferListenerAdapter - Downloaded https://repo.maven.apache.org/maven2/mysql/mysql-connector-java/8.0.25/mysql-connector-java-8.0.25.jar
2021-07-27 09:36:40,664 [AetherRepositoryConnector-repo.maven.apache.org-0-1] INFO  o.e.m.c.i.e.AbstractTransferListenerAdapter - Downloaded https://repo.maven.apache.org/maven2/com/google/protobuf/protobuf-java/3.11.4/protobuf-java-3.11.4.jar
2021-07-27 09:36:40,717 [AetherRepositoryConnector-repo.maven.apache.org-0-0] INFO  o.e.m.c.i.e.AbstractTransferListenerAdapter - Downloaded https://repo.maven.apache.org/maven2/mysql/mysql-connector-java/8.0.25/mysql-connector-java-8.0.25.jar
2021-07-27 09:36:41,196 [Worker-31: Building] INFO  o.e.m.w.i.f.ResourceFilteringBuildParticipant - Changed resources require a complete clean of filtered resources of flight-api
2021-07-27 09:36:41,196 [Worker-31: Building] INFO  o.e.m.w.i.f.ResourceFilteringBuildParticipant - Executing resource filtering for flight-api
2021-07-27 09:36:41,330 [Worker-31: Building] WARN  o.e.m.c.i.embedder.EclipseLogger - Using platform encoding (Cp1252 actually) to copy filtered resources, i.e. build is platform dependent!
2021-07-27 09:36:42,262 [Worker-37: Download sources and javadoc] INFO  o.e.m.c.i.e.AbstractTransferListenerAdapter - Downloading https://repo.maven.apache.org/maven2/mysql/mysql-connector-java/8.0.25/mysql-connector-java-8.0.25-sources.jar
2021-07-27 09:36:42,458 [Worker-37: Download sources and javadoc] INFO  o.e.m.c.i.e.AbstractTransferListenerAdapter - Downloaded https://repo.maven.apache.org/maven2/mysql/mysql-connector-java/8.0.25/mysql-connector-java-8.0.25-sources.jar
2021-07-27 09:36:42,522 [Worker-37: Download sources and javadoc] INFO  o.e.m.j.internal.DownloadSourcesJob - Downloaded sources for mysql:mysql-connector-java:8.0.25
2021-07-27 09:36:42,619 [Worker-37: Download sources and javadoc] INFO  o.e.m.c.i.e.AbstractTransferListenerAdapter - Downloading https://repo.maven.apache.org/maven2/com/google/protobuf/protobuf-java/3.11.4/protobuf-java-3.11.4-sources.jar
2021-07-27 09:36:42,777 [Worker-37: Download sources and javadoc] INFO  o.e.m.c.i.e.AbstractTransferListenerAdapter - Downloaded https://repo.maven.apache.org/maven2/com/google/protobuf/protobuf-java/3.11.4/protobuf-java-3.11.4-sources.jar
2021-07-27 09:36:42,820 [Worker-37: Download sources and javadoc] INFO  o.e.m.j.internal.DownloadSourcesJob - Downloaded sources for com.google.protobuf:protobuf-java:3.11.4
2021-07-27 09:36:51,595 [Worker-38: Launching Executing test in C__Users_kenne_Documents_Skillstorm_Project 1_flight-api] INFO  o.e.m.i.launch.MavenLaunchDelegate - C:\Users\kenne\Documents\Skillstorm\Project 1\flight-api
2021-07-27 09:36:51,595 [Worker-38: Launching Executing test in C__Users_kenne_Documents_Skillstorm_Project 1_flight-api] INFO  o.e.m.i.launch.MavenLaunchDelegate -  mvn -B test -Dstyle.color=always
2021-07-27 15:31:36,994 [Worker-3: Loading available Gradle versions] INFO  o.e.b.c.i.u.g.PublishedGradleVersions - Gradle version information cache is out-of-date. Trying to update.
2021-07-28 08:39:21,636 [Worker-5: Loading available Gradle versions] INFO  o.e.b.c.i.u.g.PublishedGradleVersions - Gradle version information cache is up-to-date. Trying to read.
2021-07-28 13:51:11,179 [Worker-50: Launching FlightDAO] INFO  o.e.m.c.i.l.LifecycleMappingFactory - Using org.maven.ide.eclipse.wtp.WarLifecycleMapping lifecycle mapping for MavenProject: com.skillstorm:flight-api:0.0.1-SNAPSHOT @ C:\Users\kenne\Documents\Skillstorm\Project 1\flight-api\pom.xml.
2021-07-28 13:51:11,922 [Worker-50: Launching FlightDAO] INFO  o.e.m.w.i.f.ResourceFilteringBuildParticipant - Changed resources require a complete clean of filtered resources of flight-api
2021-07-28 13:51:11,924 [Worker-50: Launching FlightDAO] INFO  o.e.m.w.i.f.ResourceFilteringBuildParticipant - Executing resource filtering for flight-api
2021-07-28 13:51:12,329 [Worker-50: Launching FlightDAO] WARN  o.e.m.c.i.embedder.EclipseLogger - Using platform encoding (Cp1252 actually) to copy filtered resources, i.e. build is platform dependent!
2021-07-28 13:53:07,502 [Worker-55: Launching Executing test in C__Users_kenne_Documents_Skillstorm_Project 1_flight-api] INFO  o.e.m.i.launch.MavenLaunchDelegate - C:\Users\kenne\Documents\Skillstorm\Project 1\flight-api
2021-07-28 13:53:07,503 [Worker-55: Launching Executing test in C__Users_kenne_Documents_Skillstorm_Project 1_flight-api] INFO  o.e.m.i.launch.MavenLaunchDelegate -  mvn -B test -Dstyle.color=always
2021-07-28 13:53:21,747 [Worker-57: Launching Executing test in C__Users_kenne_Documents_Skillstorm_Project 1_flight-api] INFO  o.e.m.i.launch.MavenLaunchDelegate - C:\Users\kenne\Documents\Skillstorm\Project 1\flight-api
2021-07-28 13:53:21,747 [Worker-57: Launching Executing test in C__Users_kenne_Documents_Skillstorm_Project 1_flight-api] INFO  o.e.m.i.launch.MavenLaunchDelegate -  mvn -B test -Dstyle.color=always
2021-07-28 15:26:43,138 [Worker-5: Loading available Gradle versions] INFO  o.e.b.c.i.u.g.PublishedGradleVersions - Gradle version information cache is up-to-date. Trying to read.
2021-07-28 23:16:22,841 [Worker-1: Loading available Gradle versions] INFO  o.e.b.c.i.u.g.PublishedGradleVersions - Gradle version information cache is out-of-date. Trying to update.
2021-07-29 00:04:05,454 [Worker-42: Creating project "com.skillstorm"] INFO  o.e.m.c.i.l.LifecycleMappingFactory - Using org.maven.ide.eclipse.wtp.WarLifecycleMapping lifecycle mapping for MavenProject: Flight:com.skillstorm:0.0.1-SNAPSHOT @ C:\Users\kenne\Documents\Skillstorm\Project 1\com.skillstorm\pom.xml.
2021-07-29 00:04:05,700 [Worker-42: Creating project "com.skillstorm"] INFO  o.e.m.j.i.AbstractJavaProjectConfigurator - Adding source folder /com.skillstorm/src/main/java
2021-07-29 00:04:05,702 [Worker-42: Creating project "com.skillstorm"] INFO  o.e.m.j.i.AbstractJavaProjectConfigurator - Adding resource folder /com.skillstorm/src/main/resources
2021-07-29 00:04:05,703 [Worker-42: Creating project "com.skillstorm"] INFO  o.e.m.j.i.AbstractJavaProjectConfigurator - Adding source folder /com.skillstorm/src/test/java
2021-07-29 00:04:05,703 [Worker-42: Creating project "com.skillstorm"] INFO  o.e.m.j.i.AbstractJavaProjectConfigurator - Adding resource folder /com.skillstorm/src/test/resources
2021-07-29 00:04:34,770 [Worker-48: Creating project "com.skillstorm"] INFO  o.e.m.c.i.l.LifecycleMappingFactory - Using org.maven.ide.eclipse.wtp.WarLifecycleMapping lifecycle mapping for MavenProject: flight:com.skillstorm:0.0.1-SNAPSHOT @ C:\Users\kenne\Documents\Skillstorm\Project 1\com.skillstorm\pom.xml.
2021-07-29 00:04:34,948 [Worker-48: Creating project "com.skillstorm"] INFO  o.e.m.j.i.AbstractJavaProjectConfigurator - Adding source folder /com.skillstorm/src/main/java
2021-07-29 00:04:34,949 [Worker-48: Creating project "com.skillstorm"] INFO  o.e.m.j.i.AbstractJavaProjectConfigurator - Adding resource folder /com.skillstorm/src/main/resources
2021-07-29 00:04:34,949 [Worker-48: Creating project "com.skillstorm"] INFO  o.e.m.j.i.AbstractJavaProjectConfigurator - Adding source folder /com.skillstorm/src/test/java
2021-07-29 00:04:34,949 [Worker-48: Creating project "com.skillstorm"] INFO  o.e.m.j.i.AbstractJavaProjectConfigurator - Adding resource folder /com.skillstorm/src/test/resources
2021-07-29 00:05:28,252 [Worker-46: Creating project "flight"] INFO  o.e.m.c.i.l.LifecycleMappingFactory - Using org.maven.ide.eclipse.wtp.WarLifecycleMapping lifecycle mapping for MavenProject: com.skillstorm:flight:0.0.1-SNAPSHOT @ C:\Users\kenne\Documents\Skillstorm\Project 1\flight\pom.xml.
2021-07-29 00:05:28,387 [Worker-46: Creating project "flight"] INFO  o.e.m.j.i.AbstractJavaProjectConfigurator - Adding source folder /flight/src/main/java
2021-07-29 00:05:28,387 [Worker-46: Creating project "flight"] INFO  o.e.m.j.i.AbstractJavaProjectConfigurator - Adding resource folder /flight/src/main/resources
2021-07-29 00:05:28,388 [Worker-46: Creating project "flight"] INFO  o.e.m.j.i.AbstractJavaProjectConfigurator - Adding source folder /flight/src/test/java
2021-07-29 00:05:28,388 [Worker-46: Creating project "flight"] INFO  o.e.m.j.i.AbstractJavaProjectConfigurator - Adding resource folder /flight/src/test/resources
2021-07-29 07:58:23,871 [Worker-0: Loading available Gradle versions] INFO  o.e.b.c.i.u.g.PublishedGradleVersions - Gradle version information cache is up-to-date. Trying to read.
2021-07-29 08:09:34,758 [Worker-17: Building] INFO  o.e.m.c.i.l.LifecycleMappingFactory - Using org.maven.ide.eclipse.wtp.WarLifecycleMapping lifecycle mapping for MavenProject: com.skillstorm:flight-api:0.0.1-SNAPSHOT @ C:\Users\kenne\Documents\Skillstorm\Project 1\flight-api\pom.xml.
2021-07-29 08:09:35,052 [Worker-17: Building] INFO  o.e.m.c.i.e.AbstractTransferListenerAdapter - Downloaded https://repo.maven.apache.org/maven2/com/fasterxml/jackson/core/jackson-annotations/${jackson.version}/jackson-annotations-${jackson.version}.pom
2021-07-29 08:09:35,057 [Worker-17: Building] WARN  o.e.m.c.i.embedder.EclipseLogger - The POM for com.fasterxml.jackson.core:jackson-annotations:jar:${jackson.version} is missing, no dependency information available
2021-07-29 08:09:35,116 [Worker-17: Building] INFO  o.e.m.c.i.e.AbstractTransferListenerAdapter - Downloaded https://repo.maven.apache.org/maven2/com/fasterxml/jackson/core/jackson-core/${jackson.version}/jackson-core-${jackson.version}.pom
2021-07-29 08:09:35,117 [Worker-17: Building] WARN  o.e.m.c.i.embedder.EclipseLogger - The POM for com.fasterxml.jackson.core:jackson-core:jar:${jackson.version} is missing, no dependency information available
2021-07-29 08:09:35,166 [Worker-17: Building] INFO  o.e.m.c.i.e.AbstractTransferListenerAdapter - Downloaded https://repo.maven.apache.org/maven2/com/fasterxml/jackson/core/jackson-databind/${jackson.version}/jackson-databind-${jackson.version}.pom
2021-07-29 08:09:35,167 [Worker-17: Building] WARN  o.e.m.c.i.embedder.EclipseLogger - The POM for com.fasterxml.jackson.core:jackson-databind:jar:${jackson.version} is missing, no dependency information available
2021-07-29 08:09:35,223 [AetherRepositoryConnector-repo.maven.apache.org-0-0] INFO  o.e.m.c.i.e.AbstractTransferListenerAdapter - Downloaded https://repo.maven.apache.org/maven2/com/fasterxml/jackson/core/jackson-annotations/${jackson.version}/jackson-annotations-${jackson.version}.jar
2021-07-29 08:09:35,240 [AetherRepositoryConnector-repo.maven.apache.org-0-1] INFO  o.e.m.c.i.e.AbstractTransferListenerAdapter - Downloaded https://repo.maven.apache.org/maven2/com/fasterxml/jackson/core/jackson-core/${jackson.version}/jackson-core-${jackson.version}.jar
2021-07-29 08:09:35,242 [AetherRepositoryConnector-repo.maven.apache.org-0-2] INFO  o.e.m.c.i.e.AbstractTransferListenerAdapter - Downloaded https://repo.maven.apache.org/maven2/com/fasterxml/jackson/core/jackson-databind/${jackson.version}/jackson-databind-${jackson.version}.jar
2021-07-29 08:09:35,379 [Worker-17: Building] WARN  o.e.m.c.i.embedder.EclipseLogger - The POM for com.fasterxml.jackson.core:jackson-annotations:jar:${jackson.version} is missing, no dependency information available
2021-07-29 08:09:35,380 [Worker-17: Building] WARN  o.e.m.c.i.embedder.EclipseLogger - The POM for com.fasterxml.jackson.core:jackson-core:jar:${jackson.version} is missing, no dependency information available
2021-07-29 08:09:35,381 [Worker-17: Building] WARN  o.e.m.c.i.embedder.EclipseLogger - The POM for com.fasterxml.jackson.core:jackson-databind:jar:${jackson.version} is missing, no dependency information available
2021-07-29 08:09:35,754 [Worker-17: Building] INFO  o.e.m.w.i.f.ResourceFilteringBuildParticipant - Changed resources require a complete clean of filtered resources of flight-api
2021-07-29 08:09:35,755 [Worker-17: Building] INFO  o.e.m.w.i.f.ResourceFilteringBuildParticipant - Executing resource filtering for flight-api
2021-07-29 08:09:36,104 [Worker-17: Building] WARN  o.e.m.c.i.embedder.EclipseLogger - Using platform encoding (Cp1252 actually) to copy filtered resources, i.e. build is platform dependent!
2021-07-29 08:09:36,687 [Worker-18: Download sources and javadoc] WARN  o.e.m.c.i.embedder.EclipseLogger - The POM for com.fasterxml.jackson.core:jackson-annotations:jar:${jackson.version} is missing, no dependency information available
2021-07-29 08:09:36,688 [Worker-18: Download sources and javadoc] WARN  o.e.m.c.i.embedder.EclipseLogger - The POM for com.fasterxml.jackson.core:jackson-core:jar:${jackson.version} is missing, no dependency information available
2021-07-29 08:09:36,690 [Worker-18: Download sources and javadoc] WARN  o.e.m.c.i.embedder.EclipseLogger - The POM for com.fasterxml.jackson.core:jackson-databind:jar:${jackson.version} is missing, no dependency information available
2021-07-29 08:09:36,828 [Worker-18: Download sources and javadoc] INFO  o.e.m.c.i.e.AbstractTransferListenerAdapter - Downloaded https://repo.maven.apache.org/maven2/com/fasterxml/jackson/core/jackson-annotations/${jackson.version}/jackson-annotations-${jackson.version}-sources.jar
2021-07-29 08:09:36,833 [Worker-18: Download sources and javadoc] ERROR o.e.m.j.internal.DownloadSourcesJob - Could not download sources for com.fasterxml.jackson.core:jackson-annotations:${jackson.version}
org.eclipse.core.runtime.CoreException: Could not resolve artifact com.fasterxml.jackson.core:jackson-annotations:jar:sources:${jackson.version}
	at org.eclipse.m2e.core.internal.embedder.MavenImpl.lambda$4(MavenImpl.java:804)
	at org.eclipse.m2e.core.internal.embedder.MavenExecutionContext.executeBare(MavenExecutionContext.java:179)
	at org.eclipse.m2e.core.internal.embedder.MavenExecutionContext.execute(MavenExecutionContext.java:114)
	at org.eclipse.m2e.core.internal.embedder.MavenExecutionContext.execute(MavenExecutionContext.java:101)
	at org.eclipse.m2e.core.internal.embedder.MavenImpl.resolve(MavenImpl.java:772)
	at org.eclipse.m2e.core.internal.embedder.MavenImpl.resolve(MavenImpl.java:749)
	at org.eclipse.m2e.jdt.internal.DownloadSourcesJob.download(DownloadSourcesJob.java:330)
	at org.eclipse.m2e.jdt.internal.DownloadSourcesJob.downloadAttachments(DownloadSourcesJob.java:304)
	at org.eclipse.m2e.jdt.internal.DownloadSourcesJob.downloadMaven(DownloadSourcesJob.java:269)
	at org.eclipse.m2e.jdt.internal.DownloadSourcesJob.downloadFilesAndPopulateToUpdate(DownloadSourcesJob.java:233)
	at org.eclipse.m2e.jdt.internal.DownloadSourcesJob.lambda$0(DownloadSourcesJob.java:161)
	at org.eclipse.m2e.core.internal.embedder.MavenExecutionContext.executeBare(MavenExecutionContext.java:179)
	at org.eclipse.m2e.core.internal.embedder.MavenExecutionContext.execute(MavenExecutionContext.java:153)
	at org.eclipse.m2e.core.internal.embedder.MavenExecutionContext.execute(MavenExecutionContext.java:101)
	at org.eclipse.m2e.core.internal.embedder.MavenImpl.execute(MavenImpl.java:1374)
	at org.eclipse.m2e.jdt.internal.DownloadSourcesJob.run(DownloadSourcesJob.java:161)
	at org.eclipse.core.internal.jobs.Worker.run(Worker.java:63)
2021-07-29 08:09:36,983 [Worker-18: Download sources and javadoc] INFO  o.e.m.c.i.e.AbstractTransferListenerAdapter - Downloaded https://repo.maven.apache.org/maven2/com/fasterxml/jackson/core/jackson-core/${jackson.version}/jackson-core-${jackson.version}-sources.jar
2021-07-29 08:09:36,985 [Worker-18: Download sources and javadoc] ERROR o.e.m.j.internal.DownloadSourcesJob - Could not download sources for com.fasterxml.jackson.core:jackson-core:${jackson.version}
org.eclipse.core.runtime.CoreException: Could not resolve artifact com.fasterxml.jackson.core:jackson-core:jar:sources:${jackson.version}
	at org.eclipse.m2e.core.internal.embedder.MavenImpl.lambda$4(MavenImpl.java:804)
	at org.eclipse.m2e.core.internal.embedder.MavenExecutionContext.executeBare(MavenExecutionContext.java:179)
	at org.eclipse.m2e.core.internal.embedder.MavenExecutionContext.execute(MavenExecutionContext.java:114)
	at org.eclipse.m2e.core.internal.embedder.MavenExecutionContext.execute(MavenExecutionContext.java:101)
	at org.eclipse.m2e.core.internal.embedder.MavenImpl.resolve(MavenImpl.java:772)
	at org.eclipse.m2e.core.internal.embedder.MavenImpl.resolve(MavenImpl.java:749)
	at org.eclipse.m2e.jdt.internal.DownloadSourcesJob.download(DownloadSourcesJob.java:330)
	at org.eclipse.m2e.jdt.internal.DownloadSourcesJob.downloadAttachments(DownloadSourcesJob.java:304)
	at org.eclipse.m2e.jdt.internal.DownloadSourcesJob.downloadMaven(DownloadSourcesJob.java:269)
	at org.eclipse.m2e.jdt.internal.DownloadSourcesJob.downloadFilesAndPopulateToUpdate(DownloadSourcesJob.java:233)
	at org.eclipse.m2e.jdt.internal.DownloadSourcesJob.lambda$0(DownloadSourcesJob.java:161)
	at org.eclipse.m2e.core.internal.embedder.MavenExecutionContext.executeBare(MavenExecutionContext.java:179)
	at org.eclipse.m2e.core.internal.embedder.MavenExecutionContext.execute(MavenExecutionContext.java:153)
	at org.eclipse.m2e.core.internal.embedder.MavenExecutionContext.execute(MavenExecutionContext.java:101)
	at org.eclipse.m2e.core.internal.embedder.MavenImpl.execute(MavenImpl.java:1374)
	at org.eclipse.m2e.jdt.internal.DownloadSourcesJob.run(DownloadSourcesJob.java:161)
	at org.eclipse.core.internal.jobs.Worker.run(Worker.java:63)
2021-07-29 08:09:37,118 [Worker-18: Download sources and javadoc] INFO  o.e.m.c.i.e.AbstractTransferListenerAdapter - Downloaded https://repo.maven.apache.org/maven2/com/fasterxml/jackson/core/jackson-databind/${jackson.version}/jackson-databind-${jackson.version}-sources.jar
2021-07-29 08:09:37,122 [Worker-18: Download sources and javadoc] ERROR o.e.m.j.internal.DownloadSourcesJob - Could not download sources for com.fasterxml.jackson.core:jackson-databind:${jackson.version}
org.eclipse.core.runtime.CoreException: Could not resolve artifact com.fasterxml.jackson.core:jackson-databind:jar:sources:${jackson.version}
	at org.eclipse.m2e.core.internal.embedder.MavenImpl.lambda$4(MavenImpl.java:804)
	at org.eclipse.m2e.core.internal.embedder.MavenExecutionContext.executeBare(MavenExecutionContext.java:179)
	at org.eclipse.m2e.core.internal.embedder.MavenExecutionContext.execute(MavenExecutionContext.java:114)
	at org.eclipse.m2e.core.internal.embedder.MavenExecutionContext.execute(MavenExecutionContext.java:101)
	at org.eclipse.m2e.core.internal.embedder.MavenImpl.resolve(MavenImpl.java:772)
	at org.eclipse.m2e.core.internal.embedder.MavenImpl.resolve(MavenImpl.java:749)
	at org.eclipse.m2e.jdt.internal.DownloadSourcesJob.download(DownloadSourcesJob.java:330)
	at org.eclipse.m2e.jdt.internal.DownloadSourcesJob.downloadAttachments(DownloadSourcesJob.java:304)
	at org.eclipse.m2e.jdt.internal.DownloadSourcesJob.downloadMaven(DownloadSourcesJob.java:269)
	at org.eclipse.m2e.jdt.internal.DownloadSourcesJob.downloadFilesAndPopulateToUpdate(DownloadSourcesJob.java:233)
	at org.eclipse.m2e.jdt.internal.DownloadSourcesJob.lambda$0(DownloadSourcesJob.java:161)
	at org.eclipse.m2e.core.internal.embedder.MavenExecutionContext.executeBare(MavenExecutionContext.java:179)
	at org.eclipse.m2e.core.internal.embedder.MavenExecutionContext.execute(MavenExecutionContext.java:153)
	at org.eclipse.m2e.core.internal.embedder.MavenExecutionContext.execute(MavenExecutionContext.java:101)
	at org.eclipse.m2e.core.internal.embedder.MavenImpl.execute(MavenImpl.java:1374)
	at org.eclipse.m2e.jdt.internal.DownloadSourcesJob.run(DownloadSourcesJob.java:161)
	at org.eclipse.core.internal.jobs.Worker.run(Worker.java:63)
2021-07-29 08:11:32,703 [Worker-18: Updating Maven Project] INFO  o.e.m.c.i.p.ProjectConfigurationManager - Update started
2021-07-29 08:11:32,963 [Worker-18: Updating Maven Project] INFO  o.e.m.c.i.l.LifecycleMappingFactory - Using org.maven.ide.eclipse.wtp.WarLifecycleMapping lifecycle mapping for MavenProject: com.skillstorm:flight-api:0.0.1-SNAPSHOT @ C:\Users\kenne\Documents\Skillstorm\Project 1\flight-api\pom.xml.
2021-07-29 08:11:32,970 [Worker-18: Updating Maven Project] WARN  o.e.m.c.i.embedder.EclipseLogger - The POM for com.fasterxml.jackson.core:jackson-annotations:jar:${jackson.version} is missing, no dependency information available
2021-07-29 08:11:32,971 [Worker-18: Updating Maven Project] WARN  o.e.m.c.i.embedder.EclipseLogger - The POM for com.fasterxml.jackson.core:jackson-core:jar:${jackson.version} is missing, no dependency information available
2021-07-29 08:11:32,972 [Worker-18: Updating Maven Project] WARN  o.e.m.c.i.embedder.EclipseLogger - The POM for com.fasterxml.jackson.core:jackson-databind:jar:${jackson.version} is missing, no dependency information available
2021-07-29 08:11:33,399 [Worker-18: Updating Maven Project] INFO  o.e.m.j.i.AbstractJavaProjectConfigurator - Adding source folder /flight-api/src/main/java
2021-07-29 08:11:33,400 [Worker-18: Updating Maven Project] INFO  o.e.m.j.i.AbstractJavaProjectConfigurator - Adding resource folder /flight-api/src/main/resources
2021-07-29 08:11:33,400 [Worker-18: Updating Maven Project] INFO  o.e.m.j.i.AbstractJavaProjectConfigurator - Adding source folder /flight-api/src/test/java
2021-07-29 08:11:33,400 [Worker-18: Updating Maven Project] INFO  o.e.m.j.i.AbstractJavaProjectConfigurator - Adding resource folder /flight-api/src/test/resources
2021-07-29 08:11:34,270 [Worker-16: Download sources and javadoc] WARN  o.e.m.c.i.embedder.EclipseLogger - The POM for com.fasterxml.jackson.core:jackson-annotations:jar:${jackson.version} is missing, no dependency information available
2021-07-29 08:11:34,271 [Worker-16: Download sources and javadoc] WARN  o.e.m.c.i.embedder.EclipseLogger - The POM for com.fasterxml.jackson.core:jackson-core:jar:${jackson.version} is missing, no dependency information available
2021-07-29 08:11:34,272 [Worker-16: Download sources and javadoc] WARN  o.e.m.c.i.embedder.EclipseLogger - The POM for com.fasterxml.jackson.core:jackson-databind:jar:${jackson.version} is missing, no dependency information available
2021-07-29 08:11:34,359 [Worker-18: Updating Maven Project] INFO  o.e.m.w.i.f.ResourceFilteringBuildParticipant - Cleaning filtered folder for flight-api
2021-07-29 08:11:34,365 [Worker-18: Updating Maven Project] INFO  o.e.m.c.i.p.ProjectConfigurationManager - Update completed: 1 sec
2021-07-29 08:11:34,426 [Worker-16: Download sources and javadoc] INFO  o.e.m.c.i.e.AbstractTransferListenerAdapter - Downloaded https://repo.maven.apache.org/maven2/com/fasterxml/jackson/core/jackson-annotations/${jackson.version}/jackson-annotations-${jackson.version}-javadoc.jar
2021-07-29 08:11:34,429 [Worker-16: Download sources and javadoc] ERROR o.e.m.j.internal.DownloadSourcesJob - Could not download javadoc for com.fasterxml.jackson.core:jackson-annotations:${jackson.version}
org.eclipse.core.runtime.CoreException: Could not resolve artifact com.fasterxml.jackson.core:jackson-annotations:jar:javadoc:${jackson.version}
	at org.eclipse.m2e.core.internal.embedder.MavenImpl.lambda$4(MavenImpl.java:804)
	at org.eclipse.m2e.core.internal.embedder.MavenExecutionContext.executeBare(MavenExecutionContext.java:179)
	at org.eclipse.m2e.core.internal.embedder.MavenExecutionContext.execute(MavenExecutionContext.java:114)
	at org.eclipse.m2e.core.internal.embedder.MavenExecutionContext.execute(MavenExecutionContext.java:101)
	at org.eclipse.m2e.core.internal.embedder.MavenImpl.resolve(MavenImpl.java:772)
	at org.eclipse.m2e.core.internal.embedder.MavenImpl.resolve(MavenImpl.java:749)
	at org.eclipse.m2e.jdt.internal.DownloadSourcesJob.download(DownloadSourcesJob.java:330)
	at org.eclipse.m2e.jdt.internal.DownloadSourcesJob.downloadAttachments(DownloadSourcesJob.java:316)
	at org.eclipse.m2e.jdt.internal.DownloadSourcesJob.downloadMaven(DownloadSourcesJob.java:269)
	at org.eclipse.m2e.jdt.internal.DownloadSourcesJob.downloadFilesAndPopulateToUpdate(DownloadSourcesJob.java:233)
	at org.eclipse.m2e.jdt.internal.DownloadSourcesJob.lambda$0(DownloadSourcesJob.java:161)
	at org.eclipse.m2e.core.internal.embedder.MavenExecutionContext.executeBare(MavenExecutionContext.java:179)
	at org.eclipse.m2e.core.internal.embedder.MavenExecutionContext.execute(MavenExecutionContext.java:153)
	at org.eclipse.m2e.core.internal.embedder.MavenExecutionContext.execute(MavenExecutionContext.java:101)
	at org.eclipse.m2e.core.internal.embedder.MavenImpl.execute(MavenImpl.java:1374)
	at org.eclipse.m2e.jdt.internal.DownloadSourcesJob.run(DownloadSourcesJob.java:161)
	at org.eclipse.core.internal.jobs.Worker.run(Worker.java:63)
2021-07-29 08:11:34,500 [Worker-17: Building] INFO  o.e.m.w.i.f.ResourceFilteringBuildParticipant - Changed resources require a complete clean of filtered resources of flight-api
2021-07-29 08:11:34,500 [Worker-17: Building] INFO  o.e.m.w.i.f.ResourceFilteringBuildParticipant - Executing resource filtering for flight-api
2021-07-29 08:11:34,519 [Worker-17: Building] WARN  o.e.m.c.i.embedder.EclipseLogger - Using platform encoding (Cp1252 actually) to copy filtered resources, i.e. build is platform dependent!
2021-07-29 08:11:34,528 [Worker-16: Download sources and javadoc] INFO  o.e.m.c.i.e.AbstractTransferListenerAdapter - Downloaded https://repo.maven.apache.org/maven2/com/fasterxml/jackson/core/jackson-core/${jackson.version}/jackson-core-${jackson.version}-javadoc.jar
2021-07-29 08:11:34,530 [Worker-16: Download sources and javadoc] ERROR o.e.m.j.internal.DownloadSourcesJob - Could not download javadoc for com.fasterxml.jackson.core:jackson-core:${jackson.version}
org.eclipse.core.runtime.CoreException: Could not resolve artifact com.fasterxml.jackson.core:jackson-core:jar:javadoc:${jackson.version}
	at org.eclipse.m2e.core.internal.embedder.MavenImpl.lambda$4(MavenImpl.java:804)
	at org.eclipse.m2e.core.internal.embedder.MavenExecutionContext.executeBare(MavenExecutionContext.java:179)
	at org.eclipse.m2e.core.internal.embedder.MavenExecutionContext.execute(MavenExecutionContext.java:114)
	at org.eclipse.m2e.core.internal.embedder.MavenExecutionContext.execute(MavenExecutionContext.java:101)
	at org.eclipse.m2e.core.internal.embedder.MavenImpl.resolve(MavenImpl.java:772)
	at org.eclipse.m2e.core.internal.embedder.MavenImpl.resolve(MavenImpl.java:749)
	at org.eclipse.m2e.jdt.internal.DownloadSourcesJob.download(DownloadSourcesJob.java:330)
	at org.eclipse.m2e.jdt.internal.DownloadSourcesJob.downloadAttachments(DownloadSourcesJob.java:316)
	at org.eclipse.m2e.jdt.internal.DownloadSourcesJob.downloadMaven(DownloadSourcesJob.java:269)
	at org.eclipse.m2e.jdt.internal.DownloadSourcesJob.downloadFilesAndPopulateToUpdate(DownloadSourcesJob.java:233)
	at org.eclipse.m2e.jdt.internal.DownloadSourcesJob.lambda$0(DownloadSourcesJob.java:161)
	at org.eclipse.m2e.core.internal.embedder.MavenExecutionContext.executeBare(MavenExecutionContext.java:179)
	at org.eclipse.m2e.core.internal.embedder.MavenExecutionContext.execute(MavenExecutionContext.java:153)
	at org.eclipse.m2e.core.internal.embedder.MavenExecutionContext.execute(MavenExecutionContext.java:101)
	at org.eclipse.m2e.core.internal.embedder.MavenImpl.execute(MavenImpl.java:1374)
	at org.eclipse.m2e.jdt.internal.DownloadSourcesJob.run(DownloadSourcesJob.java:161)
	at org.eclipse.core.internal.jobs.Worker.run(Worker.java:63)
2021-07-29 08:11:34,658 [Worker-16: Download sources and javadoc] INFO  o.e.m.c.i.e.AbstractTransferListenerAdapter - Downloaded https://repo.maven.apache.org/maven2/com/fasterxml/jackson/core/jackson-databind/${jackson.version}/jackson-databind-${jackson.version}-javadoc.jar
2021-07-29 08:11:34,660 [Worker-16: Download sources and javadoc] ERROR o.e.m.j.internal.DownloadSourcesJob - Could not download javadoc for com.fasterxml.jackson.core:jackson-databind:${jackson.version}
org.eclipse.core.runtime.CoreException: Could not resolve artifact com.fasterxml.jackson.core:jackson-databind:jar:javadoc:${jackson.version}
	at org.eclipse.m2e.core.internal.embedder.MavenImpl.lambda$4(MavenImpl.java:804)
	at org.eclipse.m2e.core.internal.embedder.MavenExecutionContext.executeBare(MavenExecutionContext.java:179)
	at org.eclipse.m2e.core.internal.embedder.MavenExecutionContext.execute(MavenExecutionContext.java:114)
	at org.eclipse.m2e.core.internal.embedder.MavenExecutionContext.execute(MavenExecutionContext.java:101)
	at org.eclipse.m2e.core.internal.embedder.MavenImpl.resolve(MavenImpl.java:772)
	at org.eclipse.m2e.core.internal.embedder.MavenImpl.resolve(MavenImpl.java:749)
	at org.eclipse.m2e.jdt.internal.DownloadSourcesJob.download(DownloadSourcesJob.java:330)
	at org.eclipse.m2e.jdt.internal.DownloadSourcesJob.downloadAttachments(DownloadSourcesJob.java:316)
	at org.eclipse.m2e.jdt.internal.DownloadSourcesJob.downloadMaven(DownloadSourcesJob.java:269)
	at org.eclipse.m2e.jdt.internal.DownloadSourcesJob.downloadFilesAndPopulateToUpdate(DownloadSourcesJob.java:233)
	at org.eclipse.m2e.jdt.internal.DownloadSourcesJob.lambda$0(DownloadSourcesJob.java:161)
	at org.eclipse.m2e.core.internal.embedder.MavenExecutionContext.executeBare(MavenExecutionContext.java:179)
	at org.eclipse.m2e.core.internal.embedder.MavenExecutionContext.execute(MavenExecutionContext.java:153)
	at org.eclipse.m2e.core.internal.embedder.MavenExecutionContext.execute(MavenExecutionContext.java:101)
	at org.eclipse.m2e.core.internal.embedder.MavenImpl.execute(MavenImpl.java:1374)
	at org.eclipse.m2e.jdt.internal.DownloadSourcesJob.run(DownloadSourcesJob.java:161)
	at org.eclipse.core.internal.jobs.Worker.run(Worker.java:63)
2021-07-29 08:17:53,202 [Worker-20: Loading pom.xml] WARN  o.e.m.c.i.embedder.EclipseLogger - The POM for com.fasterxml.jackson.core:jackson-annotations:jar:${jackson.version} is missing, no dependency information available
2021-07-29 08:17:53,203 [Worker-20: Loading pom.xml] WARN  o.e.m.c.i.embedder.EclipseLogger - The POM for com.fasterxml.jackson.core:jackson-core:jar:${jackson.version} is missing, no dependency information available
2021-07-29 08:17:53,204 [Worker-20: Loading pom.xml] WARN  o.e.m.c.i.embedder.EclipseLogger - The POM for com.fasterxml.jackson.core:jackson-databind:jar:${jackson.version} is missing, no dependency information available
2021-07-29 08:24:35,598 [Worker-28: Building] INFO  o.e.m.c.i.l.LifecycleMappingFactory - Using org.maven.ide.eclipse.wtp.WarLifecycleMapping lifecycle mapping for MavenProject: com.skillstorm:flight-api:0.0.1-SNAPSHOT @ C:\Users\kenne\Documents\Skillstorm\Project 1\flight-api\pom.xml.
2021-07-29 08:24:35,935 [Worker-28: Building] INFO  o.e.m.w.i.f.ResourceFilteringBuildParticipant - Changed resources require a complete clean of filtered resources of flight-api
2021-07-29 08:24:35,935 [Worker-28: Building] INFO  o.e.m.w.i.f.ResourceFilteringBuildParticipant - Executing resource filtering for flight-api
2021-07-29 08:24:36,028 [Worker-28: Building] WARN  o.e.m.c.i.embedder.EclipseLogger - Using platform encoding (Cp1252 actually) to copy filtered resources, i.e. build is platform dependent!
2021-07-29 16:22:57,975 [Worker-7: Loading available Gradle versions] INFO  o.e.b.c.i.u.g.PublishedGradleVersions - Gradle version information cache is up-to-date. Trying to read.
2021-07-31 22:48:32,794 [Worker-0: Loading available Gradle versions] INFO  o.e.b.c.i.u.g.PublishedGradleVersions - Gradle version information cache is up-to-date. Trying to read.
2021-08-01 13:40:21,746 [Worker-6: Loading available Gradle versions] INFO  o.e.b.c.i.u.g.PublishedGradleVersions - Gradle version information cache is up-to-date. Trying to read.
2021-08-01 17:17:05,467 [Worker-1: Loading available Gradle versions] INFO  o.e.b.c.i.u.g.PublishedGradleVersions - Gradle version information cache is out-of-date. Trying to update.
2021-08-01 23:53:03,700 [Worker-16: Loading available Gradle versions] INFO  o.e.b.c.i.u.g.PublishedGradleVersions - Gradle version information cache is up-to-date. Trying to read.
2021-08-02 08:54:35,879 [Worker-4: Loading available Gradle versions] INFO  o.e.b.c.i.u.g.PublishedGradleVersions - Gradle version information cache is up-to-date. Trying to read.
2021-08-03 10:49:08,990 [Worker-3: Loading available Gradle versions] INFO  o.e.b.c.i.u.g.PublishedGradleVersions - Gradle version information cache is out-of-date. Trying to update.
2021-08-03 15:55:45,218 [Worker-1: Loading available Gradle versions] INFO  o.e.b.c.i.u.g.PublishedGradleVersions - Gradle version information cache is up-to-date. Trying to read.
2021-08-03 20:52:44,538 [Worker-3: Loading available Gradle versions] INFO  o.e.b.c.i.u.g.PublishedGradleVersions - Gradle version information cache is up-to-date. Trying to read.
2021-08-03 23:38:57,908 [Worker-4: Loading available Gradle versions] INFO  o.e.b.c.i.u.g.PublishedGradleVersions - Gradle version information cache is up-to-date. Trying to read.
2021-08-04 09:34:12,398 [Worker-7: Loading available Gradle versions] INFO  o.e.b.c.i.u.g.PublishedGradleVersions - Gradle version information cache is up-to-date. Trying to read.
2021-08-04 18:35:01,502 [Worker-6: Loading available Gradle versions] INFO  o.e.b.c.i.u.g.PublishedGradleVersions - Gradle version information cache is out-of-date. Trying to update.
2021-08-05 00:52:37,724 [Worker-185: Launching FlightDAOTest (1)] INFO  o.e.m.c.i.l.LifecycleMappingFactory - Using org.maven.ide.eclipse.wtp.WarLifecycleMapping lifecycle mapping for MavenProject: com.skillstorm:flight-api:0.0.1-SNAPSHOT @ C:\Users\kenne\Documents\Skillstorm\Project 1\flight-api\pom.xml.
2021-08-05 00:52:38,383 [Worker-185: Launching FlightDAOTest (1)] INFO  o.e.m.w.i.f.ResourceFilteringBuildParticipant - Changed resources require a complete clean of filtered resources of flight-api
2021-08-05 00:52:38,384 [Worker-185: Launching FlightDAOTest (1)] INFO  o.e.m.w.i.f.ResourceFilteringBuildParticipant - Executing resource filtering for flight-api
2021-08-05 00:52:38,707 [Worker-185: Launching FlightDAOTest (1)] WARN  o.e.m.c.i.embedder.EclipseLogger - Using platform encoding (Cp1252 actually) to copy filtered resources, i.e. build is platform dependent!
2021-08-05 00:52:39,460 [Worker-188: Download sources and javadoc] INFO  o.e.m.c.i.e.AbstractTransferListenerAdapter - Downloading https://repo.maven.apache.org/maven2/junit/junit/4.11/junit-4.11-sources.jar
2021-08-05 00:52:39,576 [Worker-188: Download sources and javadoc] INFO  o.e.m.c.i.e.AbstractTransferListenerAdapter - Downloaded https://repo.maven.apache.org/maven2/junit/junit/4.11/junit-4.11-sources.jar
2021-08-05 00:52:39,580 [Worker-188: Download sources and javadoc] INFO  o.e.m.j.internal.DownloadSourcesJob - Downloaded sources for junit:junit:4.11
2021-08-05 00:52:39,670 [Worker-188: Download sources and javadoc] INFO  o.e.m.c.i.e.AbstractTransferListenerAdapter - Downloading https://repo.maven.apache.org/maven2/org/hamcrest/hamcrest-core/1.3/hamcrest-core-1.3-sources.jar
2021-08-05 00:52:39,917 [Worker-188: Download sources and javadoc] INFO  o.e.m.c.i.e.AbstractTransferListenerAdapter - Downloaded https://repo.maven.apache.org/maven2/org/hamcrest/hamcrest-core/1.3/hamcrest-core-1.3-sources.jar
2021-08-05 00:52:39,919 [Worker-188: Download sources and javadoc] INFO  o.e.m.j.internal.DownloadSourcesJob - Downloaded sources for org.hamcrest:hamcrest-core:1.3
2021-08-05 00:53:28,404 [Worker-185: Building] INFO  o.e.m.c.i.l.LifecycleMappingFactory - Using org.maven.ide.eclipse.wtp.WarLifecycleMapping lifecycle mapping for MavenProject: com.skillstorm:flight-api:0.0.1-SNAPSHOT @ C:\Users\kenne\Documents\Skillstorm\Project 1\flight-api\pom.xml.
2021-08-05 00:53:28,805 [Worker-185: Building] INFO  o.e.m.w.i.f.ResourceFilteringBuildParticipant - Changed resources require a complete clean of filtered resources of flight-api
2021-08-05 00:53:28,805 [Worker-185: Building] INFO  o.e.m.w.i.f.ResourceFilteringBuildParticipant - Executing resource filtering for flight-api
2021-08-05 00:53:28,891 [Worker-185: Building] WARN  o.e.m.c.i.embedder.EclipseLogger - Using platform encoding (Cp1252 actually) to copy filtered resources, i.e. build is platform dependent!
2021-08-05 00:53:29,830 [Worker-188: Download sources and javadoc] INFO  o.e.m.c.i.e.AbstractTransferListenerAdapter - Downloading https://repo.maven.apache.org/maven2/junit/junit/4.13/junit-4.13-sources.jar
2021-08-05 00:53:29,902 [Worker-188: Download sources and javadoc] INFO  o.e.m.c.i.e.AbstractTransferListenerAdapter - Downloaded https://repo.maven.apache.org/maven2/junit/junit/4.13/junit-4.13-sources.jar
2021-08-05 00:53:29,905 [Worker-188: Download sources and javadoc] INFO  o.e.m.j.internal.DownloadSourcesJob - Downloaded sources for junit:junit:4.13
2021-08-05 10:31:00,524 [Worker-0: Loading available Gradle versions] INFO  o.e.b.c.i.u.g.PublishedGradleVersions - Gradle version information cache is up-to-date. Trying to read.
